[2026-06-11 07:51:35,162][   train_val.py][line:  64][    INFO] args: Namespace(config='./config.yaml', evaluate=True, local_rank='0')
[2026-06-11 07:51:35,164][   train_val.py][line:  65][    INFO] config: {'criterion': [{'kwargs': {'weight': 1.0},
                'name': 'FeatureMSELoss',
                'type': 'FeatureMSELoss'}],
 'dataset': {'batch_size': 1,
             'data_dir': '/home/Yukino/Programs/MC3D-AD/data/Anomaly_ShapeNet',
             'test': {'meta_file': '../../data/Anomaly_ShapeNet/test.json'},
             'train': {'meta_file': '../../data/Anomaly_ShapeNet/train.json'},
             'type': 'custom',
             'workers': 1},
 'evaluator': {'eval_dir': './result',
               'key_metric': 'mean_pixel-AUROC_auc',
               'metrics': {'auc': [{'name': 'std'},
                                   {'kwargs': {'avgpool_size': [16, 16]},
                                    'name': 'max'},
                                   {'name': 'pixel'}]},
               'save_dir': 'result'},
 'exp_path': '.',
 'frozen_layers': ['backbone'],
 'log_path': './log/',
 'net': [{'frozen': True,
          'kwargs': {'checkpoint_path': '../../pretrain_ckp/modelnet_8k.pth',
                     'data_dir': '/home/Yukino/Programs/MC3D-AD/data/Anomaly_ShapeNet',
                     'group_size': 128,
                     'num_group': 1024,
                     'outlayers': [1, 2, 3, 4],
                     'pretrained': True},
          'name': 'backbone',
          'type': 'models.backbones.pointmae'},
         {'kwargs': {'activation': 'relu',
                     'cls_num': 40,
                     'dim_feedforward': 1024,
                     'dropout': 0.1,
                     'feature_jitter': {'prob': 1.0, 'scale': 20.0},
                     'feature_size': 1024,
                     'hidden_dim': 256,
                     'initializer': {'method': 'xavier_uniform'},
                     'inplanes': 384,
                     'k': 5,
                     'mask_ratio': 0.4,
                     'neighbor_mask': {'mask': [True, True, True],
                                       'neighbor_size': [32, 32]},
                     'nhead': 8,
                     'normalize_before': False,
                     'num_decoder_layers': 4,
                     'num_encoder_layers': 4},
          'name': 'reconstruction',
          'prev': 'backbone',
          'type': 'models.reconstructions.UniAD'}],
 'port': 11112,
 'random_seed': 42,
 'save_path': './checkpoints/',
 'saver': {'always_save': False,
           'auto_resume': False,
           'load_path': 'checkpoints/ckpt.pth.tar',
           'log_dir': 'log/',
           'save_dir': 'checkpoints/'},
 'trainer': {'clip_max_norm': 0.1,
             'lr_scheduler': {'kwargs': {'gamma': 0.1, 'step_size': 800},
                              'type': 'StepLR'},
             'max_epoch': 1000,
             'optimizer': {'kwargs': {'betas': [0.9, 0.999],
                                      'lr': 0.0001,
                                      'weight_decay': 0.0001},
                           'type': 'AdamW'},
             'print_freq_step': 10,
             'tb_freq_step': 1,
             'val_freq_epoch': 100},
 'version': 'v1.0.0'}
[2026-06-11 07:51:36,735][   train_val.py][line:  91][    INFO] layers: ['backbone', 'reconstruction']
[2026-06-11 07:51:36,736][   train_val.py][line:  92][    INFO] active layers: ['reconstruction']
[2026-06-11 07:51:37,735][custom_dataset.py][line:  24][    INFO] building CustomDataset from: ../../data/Anomaly_ShapeNet/train.json
[2026-06-11 07:51:37,746][custom_dataset.py][line:  24][    INFO] building CustomDataset from: ../../data/Anomaly_ShapeNet/test.json
[2026-06-11 07:51:46,920][   train_val.py][line: 286][    INFO] Test: [10/1312]	Time 0.719 (0.917)
[2026-06-11 07:51:54,547][   train_val.py][line: 286][    INFO] Test: [20/1312]	Time 0.707 (0.840)
[2026-06-11 07:52:01,924][   train_val.py][line: 286][    INFO] Test: [30/1312]	Time 0.713 (0.806)
[2026-06-11 07:52:09,760][   train_val.py][line: 286][    INFO] Test: [40/1312]	Time 0.717 (0.800)
[2026-06-11 07:52:17,312][   train_val.py][line: 286][    INFO] Test: [50/1312]	Time 0.822 (0.791)
[2026-06-11 07:52:24,930][   train_val.py][line: 286][    INFO] Test: [60/1312]	Time 0.716 (0.786)
[2026-06-11 07:52:32,567][   train_val.py][line: 286][    INFO] Test: [70/1312]	Time 0.851 (0.783)
[2026-06-11 07:52:39,822][   train_val.py][line: 286][    INFO] Test: [80/1312]	Time 0.672 (0.776)
[2026-06-11 07:52:47,226][   train_val.py][line: 286][    INFO] Test: [90/1312]	Time 0.700 (0.772)
[2026-06-11 07:52:54,502][   train_val.py][line: 286][    INFO] Test: [100/1312]	Time 0.725 (0.767)
[2026-06-11 07:53:01,553][   train_val.py][line: 286][    INFO] Test: [110/1312]	Time 0.703 (0.762)
[2026-06-11 07:53:09,123][   train_val.py][line: 286][    INFO] Test: [120/1312]	Time 0.712 (0.761)
[2026-06-11 07:53:16,567][   train_val.py][line: 286][    INFO] Test: [130/1312]	Time 0.703 (0.760)
[2026-06-11 07:53:24,027][   train_val.py][line: 286][    INFO] Test: [140/1312]	Time 0.878 (0.759)
[2026-06-11 07:53:31,183][   train_val.py][line: 286][    INFO] Test: [150/1312]	Time 0.724 (0.756)
[2026-06-11 07:53:38,540][   train_val.py][line: 286][    INFO] Test: [160/1312]	Time 0.689 (0.755)
[2026-06-11 07:53:45,874][   train_val.py][line: 286][    INFO] Test: [170/1312]	Time 0.684 (0.754)
[2026-06-11 07:53:53,094][   train_val.py][line: 286][    INFO] Test: [180/1312]	Time 0.712 (0.752)
[2026-06-11 07:54:00,790][   train_val.py][line: 286][    INFO] Test: [190/1312]	Time 0.815 (0.753)
[2026-06-11 07:54:07,978][   train_val.py][line: 286][    INFO] Test: [200/1312]	Time 0.717 (0.751)
[2026-06-11 07:54:15,164][   train_val.py][line: 286][    INFO] Test: [210/1312]	Time 0.775 (0.750)
[2026-06-11 07:54:22,496][   train_val.py][line: 286][    INFO] Test: [220/1312]	Time 0.673 (0.749)
[2026-06-11 07:54:29,912][   train_val.py][line: 286][    INFO] Test: [230/1312]	Time 0.741 (0.749)
[2026-06-11 07:54:37,367][   train_val.py][line: 286][    INFO] Test: [240/1312]	Time 0.722 (0.748)
[2026-06-11 07:54:44,420][   train_val.py][line: 286][    INFO] Test: [250/1312]	Time 0.711 (0.747)
[2026-06-11 07:54:51,609][   train_val.py][line: 286][    INFO] Test: [260/1312]	Time 0.705 (0.746)
[2026-06-11 07:54:59,064][   train_val.py][line: 286][    INFO] Test: [270/1312]	Time 0.638 (0.746)
[2026-06-11 07:55:06,578][   train_val.py][line: 286][    INFO] Test: [280/1312]	Time 0.700 (0.746)
[2026-06-11 07:55:13,751][   train_val.py][line: 286][    INFO] Test: [290/1312]	Time 0.695 (0.745)
[2026-06-11 07:55:20,908][   train_val.py][line: 286][    INFO] Test: [300/1312]	Time 0.698 (0.744)
[2026-06-11 07:55:28,414][   train_val.py][line: 286][    INFO] Test: [310/1312]	Time 0.719 (0.744)
[2026-06-11 07:55:36,028][   train_val.py][line: 286][    INFO] Test: [320/1312]	Time 0.731 (0.745)
[2026-06-11 07:55:43,261][   train_val.py][line: 286][    INFO] Test: [330/1312]	Time 0.662 (0.744)
[2026-06-11 07:55:50,455][   train_val.py][line: 286][    INFO] Test: [340/1312]	Time 0.720 (0.743)
[2026-06-11 07:55:57,913][   train_val.py][line: 286][    INFO] Test: [350/1312]	Time 0.705 (0.743)
[2026-06-11 07:56:05,293][   train_val.py][line: 286][    INFO] Test: [360/1312]	Time 0.720 (0.743)
[2026-06-11 07:56:12,657][   train_val.py][line: 286][    INFO] Test: [370/1312]	Time 0.662 (0.743)
[2026-06-11 07:56:20,040][   train_val.py][line: 286][    INFO] Test: [380/1312]	Time 0.816 (0.743)
[2026-06-11 07:56:27,383][   train_val.py][line: 286][    INFO] Test: [390/1312]	Time 0.851 (0.743)
[2026-06-11 07:56:34,440][   train_val.py][line: 286][    INFO] Test: [400/1312]	Time 0.719 (0.742)
[2026-06-11 07:56:41,955][   train_val.py][line: 286][    INFO] Test: [410/1312]	Time 0.837 (0.742)
[2026-06-11 07:56:49,272][   train_val.py][line: 286][    INFO] Test: [420/1312]	Time 0.704 (0.742)
[2026-06-11 07:56:56,275][   train_val.py][line: 286][    INFO] Test: [430/1312]	Time 0.684 (0.741)
[2026-06-11 07:57:03,268][   train_val.py][line: 286][    INFO] Test: [440/1312]	Time 0.697 (0.740)
[2026-06-11 07:57:10,852][   train_val.py][line: 286][    INFO] Test: [450/1312]	Time 0.748 (0.740)
[2026-06-11 07:57:18,271][   train_val.py][line: 286][    INFO] Test: [460/1312]	Time 0.642 (0.740)
[2026-06-11 07:57:25,630][   train_val.py][line: 286][    INFO] Test: [470/1312]	Time 0.704 (0.740)
[2026-06-11 07:57:33,032][   train_val.py][line: 286][    INFO] Test: [480/1312]	Time 0.715 (0.740)
[2026-06-11 07:57:40,647][   train_val.py][line: 286][    INFO] Test: [490/1312]	Time 0.675 (0.741)
[2026-06-11 07:57:47,776][   train_val.py][line: 286][    INFO] Test: [500/1312]	Time 0.755 (0.740)
[2026-06-11 07:57:55,079][   train_val.py][line: 286][    INFO] Test: [510/1312]	Time 0.675 (0.740)
[2026-06-11 07:58:02,301][   train_val.py][line: 286][    INFO] Test: [520/1312]	Time 0.707 (0.740)
[2026-06-11 07:58:09,514][   train_val.py][line: 286][    INFO] Test: [530/1312]	Time 0.835 (0.739)
[2026-06-11 07:58:17,058][   train_val.py][line: 286][    INFO] Test: [540/1312]	Time 0.824 (0.739)
[2026-06-11 07:58:24,528][   train_val.py][line: 286][    INFO] Test: [550/1312]	Time 0.646 (0.740)
[2026-06-11 07:58:31,444][   train_val.py][line: 286][    INFO] Test: [560/1312]	Time 0.719 (0.739)
[2026-06-11 07:58:38,304][   train_val.py][line: 286][    INFO] Test: [570/1312]	Time 0.697 (0.738)
[2026-06-11 07:58:45,760][   train_val.py][line: 286][    INFO] Test: [580/1312]	Time 0.776 (0.738)
[2026-06-11 07:58:52,782][   train_val.py][line: 286][    INFO] Test: [590/1312]	Time 0.698 (0.737)
[2026-06-11 07:58:59,817][   train_val.py][line: 286][    INFO] Test: [600/1312]	Time 0.650 (0.737)
[2026-06-11 07:59:07,354][   train_val.py][line: 286][    INFO] Test: [610/1312]	Time 0.729 (0.737)
[2026-06-11 07:59:14,274][   train_val.py][line: 286][    INFO] Test: [620/1312]	Time 0.667 (0.736)
[2026-06-11 07:59:22,058][   train_val.py][line: 286][    INFO] Test: [630/1312]	Time 0.802 (0.737)
[2026-06-11 07:59:30,010][   train_val.py][line: 286][    INFO] Test: [640/1312]	Time 0.667 (0.738)
[2026-06-11 07:59:37,699][   train_val.py][line: 286][    INFO] Test: [650/1312]	Time 0.692 (0.738)
[2026-06-11 07:59:44,663][   train_val.py][line: 286][    INFO] Test: [660/1312]	Time 0.716 (0.738)
[2026-06-11 07:59:51,812][   train_val.py][line: 286][    INFO] Test: [670/1312]	Time 0.657 (0.737)
[2026-06-11 07:59:59,820][   train_val.py][line: 286][    INFO] Test: [680/1312]	Time 0.854 (0.738)
[2026-06-11 08:00:07,266][   train_val.py][line: 286][    INFO] Test: [690/1312]	Time 0.710 (0.738)
[2026-06-11 08:00:14,452][   train_val.py][line: 286][    INFO] Test: [700/1312]	Time 0.698 (0.738)
[2026-06-11 08:00:21,694][   train_val.py][line: 286][    INFO] Test: [710/1312]	Time 0.740 (0.738)
[2026-06-11 08:00:29,145][   train_val.py][line: 286][    INFO] Test: [720/1312]	Time 0.829 (0.738)
[2026-06-11 08:00:36,461][   train_val.py][line: 286][    INFO] Test: [730/1312]	Time 0.691 (0.738)
[2026-06-11 08:00:43,867][   train_val.py][line: 286][    INFO] Test: [740/1312]	Time 0.691 (0.738)
[2026-06-11 08:00:51,485][   train_val.py][line: 286][    INFO] Test: [750/1312]	Time 0.709 (0.738)
[2026-06-11 08:00:59,265][   train_val.py][line: 286][    INFO] Test: [760/1312]	Time 0.707 (0.739)
[2026-06-11 08:01:07,193][   train_val.py][line: 286][    INFO] Test: [770/1312]	Time 0.798 (0.740)
[2026-06-11 08:01:14,090][   train_val.py][line: 286][    INFO] Test: [780/1312]	Time 0.690 (0.739)
[2026-06-11 08:01:21,495][   train_val.py][line: 286][    INFO] Test: [790/1312]	Time 0.714 (0.739)
[2026-06-11 08:01:28,804][   train_val.py][line: 286][    INFO] Test: [800/1312]	Time 0.716 (0.739)
[2026-06-11 08:01:36,289][   train_val.py][line: 286][    INFO] Test: [810/1312]	Time 0.815 (0.739)
[2026-06-11 08:01:43,731][   train_val.py][line: 286][    INFO] Test: [820/1312]	Time 0.775 (0.739)
[2026-06-11 08:01:50,853][   train_val.py][line: 286][    INFO] Test: [830/1312]	Time 0.668 (0.739)
[2026-06-11 08:01:58,468][   train_val.py][line: 286][    INFO] Test: [840/1312]	Time 0.702 (0.739)
[2026-06-11 08:02:05,557][   train_val.py][line: 286][    INFO] Test: [850/1312]	Time 0.681 (0.739)
[2026-06-11 08:02:12,874][   train_val.py][line: 286][    INFO] Test: [860/1312]	Time 0.726 (0.739)
[2026-06-11 08:02:19,912][   train_val.py][line: 286][    INFO] Test: [870/1312]	Time 0.699 (0.738)
[2026-06-11 08:02:27,218][   train_val.py][line: 286][    INFO] Test: [880/1312]	Time 0.759 (0.738)
[2026-06-11 08:02:34,424][   train_val.py][line: 286][    INFO] Test: [890/1312]	Time 0.721 (0.738)
[2026-06-11 08:02:41,586][   train_val.py][line: 286][    INFO] Test: [900/1312]	Time 0.713 (0.738)
[2026-06-11 08:02:48,817][   train_val.py][line: 286][    INFO] Test: [910/1312]	Time 0.726 (0.737)
[2026-06-11 08:02:56,269][   train_val.py][line: 286][    INFO] Test: [920/1312]	Time 0.721 (0.738)
[2026-06-11 08:03:03,617][   train_val.py][line: 286][    INFO] Test: [930/1312]	Time 0.711 (0.737)
[2026-06-11 08:03:11,050][   train_val.py][line: 286][    INFO] Test: [940/1312]	Time 0.688 (0.738)
[2026-06-11 08:03:18,717][   train_val.py][line: 286][    INFO] Test: [950/1312]	Time 0.759 (0.738)
[2026-06-11 08:03:26,144][   train_val.py][line: 286][    INFO] Test: [960/1312]	Time 0.704 (0.738)
[2026-06-11 08:03:33,303][   train_val.py][line: 286][    INFO] Test: [970/1312]	Time 0.701 (0.738)
[2026-06-11 08:03:40,384][   train_val.py][line: 286][    INFO] Test: [980/1312]	Time 0.820 (0.737)
[2026-06-11 08:03:47,671][   train_val.py][line: 286][    INFO] Test: [990/1312]	Time 0.709 (0.737)
[2026-06-11 08:03:55,061][   train_val.py][line: 286][    INFO] Test: [1000/1312]	Time 0.767 (0.737)
[2026-06-11 08:04:02,415][   train_val.py][line: 286][    INFO] Test: [1010/1312]	Time 0.898 (0.737)
[2026-06-11 08:04:09,844][   train_val.py][line: 286][    INFO] Test: [1020/1312]	Time 0.714 (0.737)
[2026-06-11 08:04:16,986][   train_val.py][line: 286][    INFO] Test: [1030/1312]	Time 0.708 (0.737)
[2026-06-11 08:04:24,149][   train_val.py][line: 286][    INFO] Test: [1040/1312]	Time 0.710 (0.737)
[2026-06-11 08:04:31,372][   train_val.py][line: 286][    INFO] Test: [1050/1312]	Time 0.689 (0.737)
[2026-06-11 08:04:38,634][   train_val.py][line: 286][    INFO] Test: [1060/1312]	Time 0.683 (0.737)
[2026-06-11 08:04:45,842][   train_val.py][line: 286][    INFO] Test: [1070/1312]	Time 0.693 (0.737)
[2026-06-11 08:04:53,269][   train_val.py][line: 286][    INFO] Test: [1080/1312]	Time 0.732 (0.737)
[2026-06-11 08:05:00,640][   train_val.py][line: 286][    INFO] Test: [1090/1312]	Time 0.727 (0.737)
[2026-06-11 08:05:07,846][   train_val.py][line: 286][    INFO] Test: [1100/1312]	Time 0.700 (0.736)
[2026-06-11 08:05:14,947][   train_val.py][line: 286][    INFO] Test: [1110/1312]	Time 0.816 (0.736)
[2026-06-11 08:05:22,258][   train_val.py][line: 286][    INFO] Test: [1120/1312]	Time 0.911 (0.736)
[2026-06-11 08:05:29,810][   train_val.py][line: 286][    INFO] Test: [1130/1312]	Time 0.717 (0.736)
[2026-06-11 08:05:37,131][   train_val.py][line: 286][    INFO] Test: [1140/1312]	Time 0.702 (0.736)
[2026-06-11 08:05:44,372][   train_val.py][line: 286][    INFO] Test: [1150/1312]	Time 0.678 (0.736)
[2026-06-11 08:05:51,535][   train_val.py][line: 286][    INFO] Test: [1160/1312]	Time 0.715 (0.736)
[2026-06-11 08:05:58,963][   train_val.py][line: 286][    INFO] Test: [1170/1312]	Time 0.703 (0.736)
[2026-06-11 08:06:06,239][   train_val.py][line: 286][    INFO] Test: [1180/1312]	Time 0.705 (0.736)
[2026-06-11 08:06:13,327][   train_val.py][line: 286][    INFO] Test: [1190/1312]	Time 0.841 (0.736)
[2026-06-11 08:06:20,612][   train_val.py][line: 286][    INFO] Test: [1200/1312]	Time 0.712 (0.736)
[2026-06-11 08:06:27,674][   train_val.py][line: 286][    INFO] Test: [1210/1312]	Time 0.671 (0.735)
[2026-06-11 08:06:34,847][   train_val.py][line: 286][    INFO] Test: [1220/1312]	Time 0.723 (0.735)
[2026-06-11 08:06:42,036][   train_val.py][line: 286][    INFO] Test: [1230/1312]	Time 0.830 (0.735)
[2026-06-11 08:06:49,120][   train_val.py][line: 286][    INFO] Test: [1240/1312]	Time 0.668 (0.735)
[2026-06-11 08:06:56,190][   train_val.py][line: 286][    INFO] Test: [1250/1312]	Time 0.709 (0.735)
[2026-06-11 08:07:04,031][   train_val.py][line: 286][    INFO] Test: [1260/1312]	Time 0.702 (0.735)
[2026-06-11 08:07:11,194][   train_val.py][line: 286][    INFO] Test: [1270/1312]	Time 0.685 (0.735)
[2026-06-11 08:07:18,445][   train_val.py][line: 286][    INFO] Test: [1280/1312]	Time 0.709 (0.735)
[2026-06-11 08:07:26,017][   train_val.py][line: 286][    INFO] Test: [1290/1312]	Time 0.765 (0.735)
[2026-06-11 08:07:33,259][   train_val.py][line: 286][    INFO] Test: [1300/1312]	Time 0.737 (0.735)
[2026-06-11 08:07:40,349][   train_val.py][line: 286][    INFO] Test: [1310/1312]	Time 0.707 (0.735)
[2026-06-11 08:07:41,715][   train_val.py][line: 302][    INFO] Gathering final results ...
[2026-06-11 08:07:41,715][   train_val.py][line: 304][    INFO]  * Loss 0.02480	total_num=1312.0
[2026-06-11 08:09:32,414][ eval_helper.py][line: 299][    INFO] 
|   clsname   |  obj-AUROC  |  cls-ACC  |  pixel-AUROC  |
|:-----------:|:-----------:|:---------:|:-------------:|
|  headset1   |  0.995238   |     0     |   0.625914    |
|    vase2    |  0.861905   |     0     |   0.806972    |
|    cup1     |  0.890476   |     0     |   0.652388    |
|    bowl1    |   0.82963   |     0     |   0.459343    |
|   bottle1   |  0.740351   | 0.0882353 |   0.854632    |
|    tap1     |  0.911111   |     0     |   0.572425    |
|   helmet1   |      1      |     0     |   0.566717    |
|    bowl2    |  0.896296   |     0     |   0.544943    |
|    vase3    |  0.781818   |     0     |   0.779654    |
|    vase1    |  0.895238   |     0     |   0.672984    |
|    cap0     |  0.718519   |     0     |    0.81081    |
|    cap3     |  0.863158   |     0     |    0.88355    |
|    cap4     |  0.719298   |     0     |   0.831481    |
|   bucket1   |  0.898413   |     0     |   0.824041    |
|   bottle3   |   0.91746   |     0     |   0.899091    |
|    vase7    |  0.852381   |     0     |   0.544514    |
|    bowl5    |  0.764912   |     0     |   0.528343    |
|  headset0   |  0.773333   |     0     |   0.624032    |
|    vase0    |   0.7625    |     0     |   0.817777    |
|   helmet2   |  0.681159   |     0     |   0.765612    |
|    cap5     |  0.831579   |     0     |   0.899547    |
|   eraser0   |  0.780952   |     0     |    0.8054     |
|  ashtray0   |  0.938095   |     0     |   0.784319    |
|   bottle0   |  0.785714   | 0.689655  |   0.903294    |
|   helmet3   |  0.987879   |     0     |   0.649719    |
|    vase4    |  0.757576   |     0     |   0.743177    |
|    tap0     |  0.881818   |     0     |   0.498793    |
|    vase5    |  0.985714   |     0     |    0.71387    |
|    bag0     |  0.714286   |     0     |   0.752348    |
|    bowl3    |  0.914815   |     0     |   0.739516    |
|    cup0     |  0.914286   |     0     |   0.754065    |
| microphone0 |  0.819048   |     0     |   0.807509    |
|    vase9    |  0.678788   |     0     |   0.745155    |
|   bucket0   |   0.95873   |     0     |   0.775876    |
|    jar0     |  0.971429   |     0     |   0.844179    |
|    vase8    |  0.609091   |     0     |   0.831506    |
|   helmet0   |  0.852174   |     0     |   0.726423    |
|    bowl0    |      1      |     0     |   0.778015    |
|   shelf0    |  0.924638   |     0     |   0.640387    |
|    bowl4    |     0.8     |  0.30303  |   0.601135    |
|    mean     |  0.846495   | 0.027023  |   0.726486    |
