[2026-06-20 12:39:59,765][   train_val.py][line:  64][    INFO] args: Namespace(config='./config.yaml', evaluate=False, local_rank=None)
[2026-06-20 12:39:59,767][   train_val.py][line:  65][    INFO] config: {'criterion': [{'kwargs': {'weight': 1.0},
                'name': 'SeDiRLoss',
                'type': 'SeDiRLoss'}],
 'dataset': {'batch_size': 1,
             'data_dir': '/home/Yukino/Programs/SeDir/data/Anomaly_ShapeNet',
             'test': {'meta_file': '../../data/Anomaly_ShapeNet/test.json'},
             'train': {'meta_file': '../../data/Anomaly_ShapeNet/train.json'},
             'type': 'custom',
             'workers': 1},
 'evaluator': {'eval_dir': './result',
               'key_metric': 'mean_pixel-AUROC_auc',
               'metrics': {'auc': [{'name': 'std'},
                                   {'kwargs': {'avgpool_size': [16, 16]},
                                    'name': 'max'},
                                   {'name': 'pixel'}]},
               'save_dir': 'result',
               'semantic_score_alpha': 0.05},
 'exp_path': '.',
 'frozen_layers': ['backbone'],
 'log_path': './log/',
 'net': [{'frozen': True,
          'kwargs': {'checkpoint_path': '../../pretrain_ckp/modelnet_8k.pth',
                     'data_dir': '/home/Yukino/Programs/SeDir/data/Anomaly_ShapeNet',
                     'group_size': 256,
                     'num_group': 1024,
                     'outlayers': [1, 2, 3, 4],
                     'pretrained': True},
          'name': 'backbone',
          'type': 'models.backbones.pointmae'},
         {'kwargs': {'activation': 'relu',
                     'c3l_buffer_size': 64,
                     'cls_num': 40,
                     'contrast_temperature': 0.2,
                     'dim_feedforward': 1024,
                     'dropout': 0.1,
                     'feature_jitter': {'prob': 1.0, 'scale': 20.0},
                     'feature_size': 1024,
                     'global_dim': 256,
                     'hidden_dim': 256,
                     'initializer': {'method': 'xavier_uniform'},
                     'inplanes': 384,
                     'lambda_cls': 0.001,
                     'lambda_cos': 0.01,
                     'lambda_scl': 0.001,
                     'neighbor_mask': None,
                     'nhead': 8,
                     'normalize_before': False,
                     'num_decoder_layers': 4,
                     'num_encoder_layers': 4},
          'name': 'reconstruction',
          'prev': 'backbone',
          'type': 'models.reconstructions.SeDiR'}],
 'port': 11112,
 'random_seed': 42,
 'save_path': './checkpoints/',
 'saver': {'always_save': False,
           'auto_resume': False,
           'load_path': 'checkpoints/ckpt.pth.tar',
           'log_dir': 'log/',
           'save_dir': 'checkpoints/'},
 'trainer': {'clip_max_norm': 0.1,
             'lr_scheduler': {'kwargs': {'T_max': 1000, 'eta_min': 0.0},
                              'type': 'CosineAnnealingLR'},
             'max_epoch': 1000,
             'optimizer': {'kwargs': {'betas': [0.9, 0.999],
                                      'lr': 0.0001,
                                      'weight_decay': 0.0001},
                           'type': 'AdamW'},
             'print_freq_step': 10,
             'tb_freq_step': 1,
             'val_freq_epoch': 100},
 'version': 'v1.0.0'}
[2026-06-20 12:40:01,573][   train_val.py][line:  91][    INFO] layers: ['backbone', 'reconstruction']
[2026-06-20 12:40:01,573][   train_val.py][line:  92][    INFO] active layers: ['reconstruction']
[2026-06-20 12:40:02,775][custom_dataset.py][line:  24][    INFO] building CustomDataset from: ../../data/Anomaly_ShapeNet/train.json
[2026-06-20 12:40:02,776][custom_dataset.py][line:  24][    INFO] building CustomDataset from: ../../data/Anomaly_ShapeNet/test.json
