[2026-06-10 16:37:47,678][   train_val.py][line:  64][    INFO] args: Namespace(config='./config.yaml', evaluate=True, local_rank='0')
[2026-06-10 16:37:47,680][   train_val.py][line:  65][    INFO] config: {'criterion': [{'kwargs': {'weight': 1.0},
                'name': 'FeatureMSELoss',
                'type': 'FeatureMSELoss'}],
 'dataset': {'batch_size': 1,
             'data_dir': '/home/Yukino/Programs/MC3D-AD/data/Anomaly_shapeNet',
             'test': {'meta_file': '../../data/Anomaly_shapeNet/test.json'},
             'train': {'meta_file': '../../data/Anomaly_shapeNet/train.json'},
             'type': 'custom',
             'workers': 1},
 'evaluator': {'eval_dir': './result',
               'key_metric': 'mean_pixel-AUROC_auc',
               'metrics': {'auc': [{'name': 'std'},
                                   {'kwargs': {'avgpool_size': [16, 16]},
                                    'name': 'max'},
                                   {'name': 'pixel'}]},
               'save_dir': 'result'},
 'exp_path': '.',
 'frozen_layers': ['backbone'],
 'log_path': './log/',
 'net': [{'frozen': True,
          'kwargs': {'checkpoint_path': '../../pretrain_ckp/modelnet_8k.pth',
                     'data_dir': '/home/Yukino/Programs/MC3D-AD/data/Anomaly_shapeNet',
                     'group_size': 128,
                     'num_group': 1024,
                     'outlayers': [1, 2, 3, 4],
                     'pretrained': True},
          'name': 'backbone',
          'type': 'models.backbones.pointmae'},
         {'kwargs': {'activation': 'relu',
                     'cls_num': 40,
                     'dim_feedforward': 1024,
                     'dropout': 0.1,
                     'feature_jitter': {'prob': 1.0, 'scale': 20.0},
                     'feature_size': 1024,
                     'hidden_dim': 256,
                     'initializer': {'method': 'xavier_uniform'},
                     'inplanes': 384,
                     'k': 5,
                     'mask_ratio': 0.4,
                     'neighbor_mask': {'mask': [True, True, True],
                                       'neighbor_size': [32, 32]},
                     'nhead': 8,
                     'normalize_before': False,
                     'num_decoder_layers': 4,
                     'num_encoder_layers': 4},
          'name': 'reconstruction',
          'prev': 'backbone',
          'type': 'models.reconstructions.UniAD'}],
 'port': 11112,
 'random_seed': 42,
 'save_path': './checkpoints/',
 'saver': {'always_save': False,
           'auto_resume': False,
           'load_path': 'checkpoints/ckpt.pth.tar',
           'log_dir': 'log/',
           'save_dir': 'checkpoints/'},
 'trainer': {'clip_max_norm': 0.1,
             'lr_scheduler': {'kwargs': {'gamma': 0.1, 'step_size': 800},
                              'type': 'StepLR'},
             'max_epoch': 1000,
             'optimizer': {'kwargs': {'betas': [0.9, 0.999],
                                      'lr': 0.0001,
                                      'weight_decay': 0.0001},
                           'type': 'AdamW'},
             'print_freq_step': 10,
             'tb_freq_step': 1,
             'val_freq_epoch': 100},
 'version': 'v1.0.0'}
[2026-06-10 16:37:50,146][   train_val.py][line:  91][    INFO] layers: ['backbone', 'reconstruction']
[2026-06-10 16:37:50,147][   train_val.py][line:  92][    INFO] active layers: ['reconstruction']
[2026-06-10 16:37:50,148][custom_dataset.py][line:  24][    INFO] building CustomDataset from: ../../data/Anomaly_shapeNet/train.json
[2026-06-10 16:37:50,149][custom_dataset.py][line:  24][    INFO] building CustomDataset from: ../../data/Anomaly_shapeNet/test.json
